[2020-01-03T20:10:14.218] [DEBUG] cheese - login => username:admin,password:123456
[2020-01-03T20:10:14.222] [DEBUG] cheese - admin
[2020-01-03T20:10:14.245] [DEBUG] cheese - { inspect: [Function: inspect] }
[2020-01-03T20:10:14.248] [DEBUG] cheese - 查询失败
[2020-01-03T20:10:25.166] [DEBUG] cheese - login => username:lp,password:123456
[2020-01-03T20:10:25.166] [DEBUG] cheese - lp
[2020-01-03T20:10:25.171] [DEBUG] cheese - { inspect: [Function: inspect] }
[2020-01-03T20:10:25.172] [DEBUG] cheese - 查询失败
[2020-01-03T20:10:59.240] [DEBUG] cheese - login => username:admin,password:123456
[2020-01-03T20:10:59.240] [DEBUG] cheese - admin
[2020-01-03T20:10:59.248] [DEBUG] cheese - { inspect: [Function: inspect] }
[2020-01-03T20:10:59.249] [DEBUG] cheese - 查询失败
[2020-01-03T20:12:24.054] [DEBUG] cheese - login => username:admin,password:123456
[2020-01-03T20:12:24.054] [DEBUG] cheese - admin
[2020-01-03T20:12:24.062] [DEBUG] cheese - null
[2020-01-03T20:12:24.062] [DEBUG] cheese - null
[2020-01-03T20:14:32.434] [DEBUG] cheese - login => username:lp,password:111223
[2020-01-03T20:14:32.434] [DEBUG] cheese - lp
[2020-01-03T20:14:32.447] [DEBUG] cheese - null
[2020-01-03T20:14:32.447] [DEBUG] cheese - null
[2020-01-03T20:14:47.183] [DEBUG] cheese - login => username:admin,password:123456
[2020-01-03T20:14:47.183] [DEBUG] cheese - admin
[2020-01-03T20:14:47.186] [DEBUG] cheese - null
[2020-01-03T20:14:47.186] [DEBUG] cheese - null
[2020-01-03T20:16:34.444] [DEBUG] cheese - login => username:admin,password:123456
[2020-01-03T20:16:34.444] [DEBUG] cheese - admin
[2020-01-03T20:16:34.451] [DEBUG] cheese - null
[2020-01-03T20:16:34.451] [DEBUG] cheese - null
[2020-01-03T20:17:22.004] [DEBUG] cheese - login => username:admin,password:123456
[2020-01-03T20:17:22.004] [DEBUG] cheese - admin
[2020-01-03T20:17:22.009] [DEBUG] cheese - null
[2020-01-03T20:17:22.009] [DEBUG] cheese - null
[2020-01-03T21:44:59.087] [DEBUG] cheese - login => username:admin,password:123456
[2020-01-03T21:44:59.088] [DEBUG] cheese - admin
[2020-01-03T21:44:59.103] [DEBUG] cheese - null
[2020-01-03T21:44:59.103] [DEBUG] cheese - null
[2020-01-04T11:13:25.134] [DEBUG] cheese - null
[2020-01-04T11:14:23.568] [DEBUG] cheese - null
[2020-01-04T21:36:07.566] [DEBUG] cheese - login => username:admin,password:123456
[2020-01-04T21:36:07.570] [DEBUG] cheese - admin
[2020-01-04T21:36:07.592] [DEBUG] cheese - null
[2020-01-04T21:36:07.593] [DEBUG] cheese - null
[2020-01-04T21:46:00.216] [DEBUG] cheese - login => username:admin,password:123456
[2020-01-04T21:46:00.219] [DEBUG] cheese - admin
[2020-01-04T21:46:00.251] [DEBUG] cheese - null
[2020-01-04T21:46:00.251] [DEBUG] cheese - null
[2020-01-04T21:46:17.180] [DEBUG] cheese - login => username:lp,password:111223
[2020-01-04T21:46:17.180] [DEBUG] cheese - lp
[2020-01-04T21:46:17.191] [DEBUG] cheese - null
[2020-01-04T21:46:17.191] [DEBUG] cheese - null
[2020-01-04T21:56:40.374] [DEBUG] cheese - login => username:lp,password:111223
[2020-01-04T21:56:40.375] [DEBUG] cheese - lp
[2020-01-04T21:56:40.398] [DEBUG] cheese - null
[2020-01-04T21:56:40.399] [DEBUG] cheese - null
[2020-01-04T21:57:01.902] [DEBUG] cheese - login => username:admin,password:123456
[2020-01-04T21:57:01.903] [DEBUG] cheese - admin
[2020-01-04T21:57:01.915] [DEBUG] cheese - null
[2020-01-04T21:57:01.916] [DEBUG] cheese - null
[2020-01-04T21:57:25.719] [DEBUG] cheese - login => username:lp,password:111223
[2020-01-04T21:57:25.719] [DEBUG] cheese - lp
[2020-01-04T21:57:25.726] [DEBUG] cheese - null
[2020-01-04T21:57:25.726] [DEBUG] cheese - null
[2020-01-04T21:57:49.524] [DEBUG] cheese - login => username:lp,password:111223
[2020-01-04T21:57:49.524] [DEBUG] cheese - lp
[2020-01-04T21:57:49.531] [DEBUG] cheese - null
[2020-01-04T21:57:49.531] [DEBUG] cheese - null
[2020-01-04T21:58:12.140] [DEBUG] cheese - login => username:lp,password:111223
[2020-01-04T21:58:12.140] [DEBUG] cheese - lp
[2020-01-04T21:58:12.145] [DEBUG] cheese - null
[2020-01-04T21:58:12.145] [DEBUG] cheese - null
[2020-01-04T21:58:17.912] [DEBUG] cheese - login => username:admin,password:123456
[2020-01-04T21:58:17.912] [DEBUG] cheese - admin
[2020-01-04T21:58:17.921] [DEBUG] cheese - null
[2020-01-04T21:58:17.921] [DEBUG] cheese - null
[2020-01-04T21:59:50.457] [DEBUG] cheese - login => username:admin,password:123456
[2020-01-04T21:59:50.458] [DEBUG] cheese - admin
[2020-01-04T21:59:50.468] [DEBUG] cheese - null
[2020-01-04T21:59:50.468] [DEBUG] cheese - null
[2020-01-04T22:00:35.892] [DEBUG] cheese - login => username:admin,password:123456
[2020-01-04T22:00:35.892] [DEBUG] cheese - admin
[2020-01-04T22:00:35.896] [DEBUG] cheese - null
[2020-01-04T22:00:35.896] [DEBUG] cheese - null
[2020-01-06T09:02:32.734] [DEBUG] cheese - login => username:lp,password:111223
[2020-01-06T09:02:32.735] [DEBUG] cheese - lp
[2020-01-06T09:02:32.746] [DEBUG] cheese - null
[2020-01-06T09:02:32.747] [DEBUG] cheese - null
[2020-01-06T09:02:40.414] [DEBUG] cheese - login => username:admin,password:123456
[2020-01-06T09:02:40.414] [DEBUG] cheese - admin
[2020-01-06T09:02:40.419] [DEBUG] cheese - null
[2020-01-06T09:02:40.419] [DEBUG] cheese - null
[2020-01-06T09:03:23.177] [DEBUG] cheese - login => username:xiaoai,password:111223
[2020-01-06T09:03:23.178] [DEBUG] cheese - xiaoai
[2020-01-06T09:03:23.184] [DEBUG] cheese - null
[2020-01-06T09:03:23.185] [DEBUG] cheese - null
[2020-01-06T09:03:29.123] [DEBUG] cheese - login => username:xiaoai,password:123456
[2020-01-06T09:03:29.123] [DEBUG] cheese - xiaoai
[2020-01-06T09:03:29.128] [DEBUG] cheese - null
[2020-01-06T09:03:29.128] [DEBUG] cheese - null
[2020-01-06T09:03:36.880] [DEBUG] cheese - login => username:lp,password:111223
[2020-01-06T09:03:36.880] [DEBUG] cheese - lp
[2020-01-06T09:03:36.884] [DEBUG] cheese - null
[2020-01-06T09:03:36.884] [DEBUG] cheese - null
[2020-01-06T09:03:44.798] [DEBUG] cheese - login => username:test,password:123456
[2020-01-06T09:03:44.799] [DEBUG] cheese - test
[2020-01-06T09:03:44.805] [DEBUG] cheese - null
[2020-01-06T09:03:44.805] [DEBUG] cheese - null
[2020-01-06T09:03:58.787] [DEBUG] cheese - login => username:xiaoai,password:123456
[2020-01-06T09:03:58.787] [DEBUG] cheese - xiaoai
[2020-01-06T09:03:58.789] [DEBUG] cheese - null
[2020-01-06T09:03:58.789] [DEBUG] cheese - null
[2020-01-06T09:04:12.233] [DEBUG] cheese - login => username:admin,password:123456
[2020-01-06T09:04:12.233] [DEBUG] cheese - admin
[2020-01-06T09:04:12.238] [DEBUG] cheese - null
[2020-01-06T09:04:12.239] [DEBUG] cheese - null
[2020-01-06T09:05:35.696] [DEBUG] cheese - login => username:lp,password:111223
[2020-01-06T09:05:35.696] [DEBUG] cheese - lp
[2020-01-06T09:05:35.702] [DEBUG] cheese - null
[2020-01-06T09:05:35.702] [DEBUG] cheese - null
[2020-01-06T09:05:49.581] [DEBUG] cheese - login => username:admin,password:123456
[2020-01-06T09:05:49.581] [DEBUG] cheese - admin
[2020-01-06T09:05:49.584] [DEBUG] cheese - null
[2020-01-06T09:05:49.584] [DEBUG] cheese - null
[2020-01-06T10:38:52.227] [DEBUG] cheese - null
[2020-01-06T10:39:06.250] [DEBUG] cheese - null
[2020-01-06T10:39:49.897] [DEBUG] cheese - null
[2020-01-06T16:20:24.024] [DEBUG] cheese - null
[2020-01-06T16:21:29.478] [DEBUG] cheese - null
[2020-01-06T16:24:02.717] [DEBUG] cheese - null
[2020-01-06T16:25:29.151] [DEBUG] cheese - null
[2020-01-06T16:28:14.016] [DEBUG] cheese - null
[2020-01-06T16:33:44.248] [DEBUG] cheese - null
[2020-01-06T16:34:35.575] [DEBUG] cheese - null
[2020-01-06T16:36:18.060] [DEBUG] cheese - null
[2020-01-06T16:37:10.375] [DEBUG] cheese - null
[2020-01-06T18:10:16.929] [DEBUG] cheese - login => username:lp,password:111223
[2020-01-06T18:10:16.929] [DEBUG] cheese - lp
[2020-01-06T18:10:16.932] [DEBUG] cheese - null
[2020-01-06T18:10:16.932] [DEBUG] cheese - null
[2020-01-06T18:10:34.619] [DEBUG] cheese - login => username:admin,password:123456
[2020-01-06T18:10:34.619] [DEBUG] cheese - admin
[2020-01-06T18:10:34.621] [DEBUG] cheese - null
[2020-01-06T18:10:34.622] [DEBUG] cheese - null
[2020-01-07T08:52:52.284] [DEBUG] cheese - null
[2020-01-07T08:53:03.328] [DEBUG] cheese - null
[2020-01-07T08:54:30.912] [DEBUG] cheese - null
[2020-01-07T10:43:57.287] [DEBUG] cheese - null
[2020-01-07T10:51:22.911] [DEBUG] cheese - login => username:admin,password:123456
[2020-01-07T10:51:22.912] [DEBUG] cheese - admin
[2020-01-07T10:51:22.915] [DEBUG] cheese - null
[2020-01-07T10:51:22.916] [DEBUG] cheese - null
[2020-07-15T21:50:05.265] [DEBUG] cheese - login => username:admin,password:123456
[2020-07-15T21:50:05.270] [DEBUG] cheese - admin
[2020-07-15T21:50:05.414] [DEBUG] cheese - null
[2020-07-15T21:50:05.415] [DEBUG] cheese - null
[2020-07-15T21:50:34.539] [DEBUG] cheese - login => username:admin,password:123456
[2020-07-15T21:50:34.539] [DEBUG] cheese - admin
[2020-07-15T21:50:34.659] [DEBUG] cheese - null
[2020-07-15T21:50:34.660] [DEBUG] cheese - null
[2020-07-15T21:50:47.532] [DEBUG] cheese - login => username:admin,password:123456
[2020-07-15T21:50:47.532] [DEBUG] cheese - admin
[2020-07-15T21:50:47.661] [DEBUG] cheese - null
[2020-07-15T21:50:47.661] [DEBUG] cheese - null
[2020-08-01T11:41:21.064] [DEBUG] cheese - login => username:admin,password:123456
[2020-08-01T11:41:21.067] [DEBUG] cheese - admin
[2020-08-01T11:41:21.277] [DEBUG] cheese - null
[2020-08-01T11:41:21.278] [DEBUG] cheese - null
[2020-08-01T11:42:17.230] [DEBUG] cheese - login => username:admin,password:123456
[2020-08-01T11:42:17.230] [DEBUG] cheese - admin
[2020-08-01T11:42:17.237] [DEBUG] cheese - null
[2020-08-01T11:42:17.238] [DEBUG] cheese - null
[2020-08-01T11:42:20.694] [DEBUG] cheese - login => username:admin,password:123456
[2020-08-01T11:42:20.694] [DEBUG] cheese - admin
[2020-08-01T11:42:20.702] [DEBUG] cheese - null
[2020-08-01T11:42:20.702] [DEBUG] cheese - null
[2020-08-01T11:42:21.704] [DEBUG] cheese - login => username:admin,password:123456
[2020-08-01T11:42:21.704] [DEBUG] cheese - admin
[2020-08-01T11:42:21.708] [DEBUG] cheese - null
[2020-08-01T11:42:21.708] [DEBUG] cheese - null
[2020-08-02T13:12:47.227] [DEBUG] cheese - login => username:admin,password:123456
[2020-08-02T13:12:47.229] [DEBUG] cheese - admin
[2020-08-02T13:12:47.258] [DEBUG] cheese - null
[2020-08-02T13:12:47.258] [DEBUG] cheese - null
[2021-08-07T14:06:19.610] [DEBUG] cheese - login => username:admin,password:123456
[2021-08-07T14:06:19.623] [DEBUG] cheese - admin
[2021-08-07T14:06:19.654] [DEBUG] cheese - null
[2021-08-07T14:06:19.656] [DEBUG] cheese - null
[2021-08-07T15:55:38.310] [DEBUG] cheese - login => username:admin,password:123456
[2021-08-07T15:55:38.312] [DEBUG] cheese - admin
[2021-08-07T15:55:38.324] [DEBUG] cheese - null
[2021-08-07T15:55:38.324] [DEBUG] cheese - null
[2021-08-07T15:56:45.529] [DEBUG] cheese - login => username:admin,password:123456
[2021-08-07T15:56:45.529] [DEBUG] cheese - admin
[2021-08-07T15:56:45.534] [DEBUG] cheese - null
[2021-08-07T15:56:45.534] [DEBUG] cheese - null
[2021-08-07T16:11:49.540] [DEBUG] cheese - login => username:admin,password:123456
[2021-08-07T16:11:49.543] [DEBUG] cheese - admin
[2021-08-07T16:11:49.552] [DEBUG] cheese - null
[2021-08-07T16:11:49.552] [DEBUG] cheese - null
[2021-08-07T16:19:31.293] [DEBUG] cheese - login => username:admin,password:123456
[2021-08-07T16:19:31.293] [DEBUG] cheese - admin
[2021-08-07T16:19:31.302] [DEBUG] cheese - null
[2021-08-07T16:19:31.302] [DEBUG] cheese - null
[2021-08-07T16:21:10.941] [DEBUG] cheese - login => username:admin,password:123456
[2021-08-07T16:21:10.942] [DEBUG] cheese - admin
[2021-08-07T16:21:10.943] [DEBUG] cheese - null
[2021-08-07T16:21:10.943] [DEBUG] cheese - null
[2021-08-07T16:31:00.711] [DEBUG] cheese - login => username:admin,password:123456
[2021-08-07T16:31:00.711] [DEBUG] cheese - admin
[2021-08-07T16:31:00.715] [DEBUG] cheese - null
[2021-08-07T16:31:00.716] [DEBUG] cheese - null
[2021-08-07T23:31:20.391] [DEBUG] cheese - login => username:admin,password:123456
[2021-08-07T23:31:20.394] [DEBUG] cheese - admin
[2021-08-07T23:31:20.410] [DEBUG] cheese - null
[2021-08-07T23:31:20.410] [DEBUG] cheese - null
[2021-08-08T17:44:50.418] [DEBUG] cheese - login => username:admin,password:123456
[2021-08-08T17:44:50.423] [DEBUG] cheese - admin
[2021-08-08T17:44:50.442] [DEBUG] cheese - null
[2021-08-08T17:44:50.443] [DEBUG] cheese - null
[2021-08-09T11:20:55.170] [DEBUG] cheese - null
[2021-08-09T11:22:24.121] [DEBUG] cheese - null
[2021-08-09T11:24:30.285] [DEBUG] cheese - null
[2021-08-09T11:27:32.178] [DEBUG] cheese - null
[2021-08-09T11:29:35.261] [DEBUG] cheese - null
[2021-08-09T15:51:07.567] [DEBUG] cheese - null
[2021-08-09T15:53:36.998] [DEBUG] cheese - null
[2021-08-09T15:53:40.756] [DEBUG] cheese - null
[2021-08-09T15:59:22.531] [DEBUG] cheese - null
[2021-08-09T16:00:01.962] [DEBUG] cheese - null
[2021-08-09T16:00:28.931] [DEBUG] cheese - null
[2021-08-09T16:00:58.601] [DEBUG] cheese - null
[2021-08-09T17:53:13.376] [DEBUG] cheese - login => username:admin,password:123456
[2021-08-09T17:53:13.386] [DEBUG] cheese - admin
[2021-08-09T17:53:13.409] [DEBUG] cheese - null
[2021-08-09T17:53:13.411] [DEBUG] cheese - null
[2021-08-10T11:10:05.310] [DEBUG] cheese - null
[2021-08-10T11:13:08.448] [DEBUG] cheese - null
[2021-08-10T11:14:05.580] [DEBUG] cheese - null
[2021-08-10T11:37:38.932] [DEBUG] cheese - null
[2021-08-10T11:37:45.113] [DEBUG] cheese - null
[2021-08-10T11:40:39.250] [DEBUG] cheese - null
[2021-08-10T11:51:23.106] [DEBUG] cheese - null
[2021-08-10T12:05:13.094] [DEBUG] cheese - null
[2021-08-10T12:06:43.037] [DEBUG] cheese - null
[2021-08-10T12:06:47.027] [DEBUG] cheese - null
[2021-08-10T14:21:06.986] [DEBUG] cheese - null
[2021-08-10T14:26:07.461] [DEBUG] cheese - null
[2021-08-10T14:26:10.854] [DEBUG] cheese - null
[2021-08-10T14:26:14.421] [DEBUG] cheese - null
[2021-08-10T14:31:22.465] [DEBUG] cheese - null
[2021-08-10T17:54:43.968] [DEBUG] cheese - login => username:admin,password:123456
[2021-08-10T17:54:43.972] [DEBUG] cheese - admin
[2021-08-10T17:54:43.982] [DEBUG] cheese - null
[2021-08-10T17:54:43.982] [DEBUG] cheese - null
[2021-08-11T17:55:22.105] [DEBUG] cheese - login => username:admin,password:123456
[2021-08-11T17:55:22.114] [DEBUG] cheese - admin
[2021-08-11T17:55:22.142] [DEBUG] cheese - null
[2021-08-11T17:55:22.143] [DEBUG] cheese - null
[2021-08-12T09:53:18.795] [DEBUG] cheese - login => username:admin,password:123456
[2021-08-12T09:53:18.800] [DEBUG] cheese - admin
[2021-08-12T09:53:18.852] [DEBUG] cheese - null
[2021-08-12T09:53:18.853] [DEBUG] cheese - null
[2021-08-12T10:03:54.671] [DEBUG] cheese - null
[2021-08-12T11:35:34.786] [DEBUG] cheese - login => username:admin,password:123456
[2021-08-12T11:35:34.787] [DEBUG] cheese - admin
[2021-08-12T11:35:34.801] [DEBUG] cheese - null
[2021-08-12T11:35:34.802] [DEBUG] cheese - null
[2021-08-12T11:37:36.888] [DEBUG] cheese - login => username:admin,password:12345
[2021-08-12T11:37:36.890] [DEBUG] cheese - admin
[2021-08-12T11:37:36.915] [DEBUG] cheese - null
[2021-08-12T11:37:36.916] [DEBUG] cheese - null
[2021-08-12T11:37:40.867] [DEBUG] cheese - login => username:admin,password:123456
[2021-08-12T11:37:40.867] [DEBUG] cheese - admin
[2021-08-12T11:37:40.870] [DEBUG] cheese - null
[2021-08-12T11:37:40.870] [DEBUG] cheese - null
[2021-08-12T14:09:54.813] [DEBUG] cheese - null
[2021-08-12T14:13:32.857] [DEBUG] cheese - null
[2021-08-12T14:20:53.473] [DEBUG] cheese - null
[2021-08-12T14:21:26.322] [DEBUG] cheese - null
[2021-08-12T14:22:04.483] [DEBUG] cheese - null
[2021-08-12T14:23:49.131] [DEBUG] cheese - null
[2021-08-12T14:24:23.050] [DEBUG] cheese - null
[2021-08-12T14:24:27.840] [DEBUG] cheese - null
[2021-08-12T14:24:37.789] [DEBUG] cheese - null
[2021-08-12T17:27:05.502] [DEBUG] cheese - login => username:admin,password:123456
[2021-08-12T17:27:05.506] [DEBUG] cheese - admin
[2021-08-12T17:27:05.538] [DEBUG] cheese - null
[2021-08-12T17:27:05.539] [DEBUG] cheese - null
[2021-08-12T17:28:35.909] [DEBUG] cheese - login => username:admin,password:123456
[2021-08-12T17:28:35.911] [DEBUG] cheese - admin
[2021-08-12T17:28:35.920] [DEBUG] cheese - null
[2021-08-12T17:28:35.921] [DEBUG] cheese - null
[2021-08-12T17:29:01.385] [DEBUG] cheese - login => username:admin,password:123456
[2021-08-12T17:29:01.386] [DEBUG] cheese - admin
[2021-08-12T17:29:01.388] [DEBUG] cheese - null
[2021-08-12T17:29:01.388] [DEBUG] cheese - null
[2021-08-12T17:30:07.983] [DEBUG] cheese - login => username:admin,password:123456
[2021-08-12T17:30:07.983] [DEBUG] cheese - admin
[2021-08-12T17:30:07.986] [DEBUG] cheese - null
[2021-08-12T17:30:07.987] [DEBUG] cheese - null
[2021-08-12T17:32:21.015] [DEBUG] cheese - login => username:admin,password:123456
[2021-08-12T17:32:21.016] [DEBUG] cheese - admin
[2021-08-12T17:32:21.026] [DEBUG] cheese - null
[2021-08-12T17:32:21.026] [DEBUG] cheese - null
[2021-08-12T17:34:31.510] [DEBUG] cheese - login => username:admin,password:123456
[2021-08-12T17:34:31.511] [DEBUG] cheese - admin
[2021-08-12T17:34:31.515] [DEBUG] cheese - null
[2021-08-12T17:34:31.516] [DEBUG] cheese - null
[2021-08-12T17:45:05.281] [DEBUG] cheese - login => username:admin,password:123456
[2021-08-12T17:45:05.282] [DEBUG] cheese - admin
[2021-08-12T17:45:05.289] [DEBUG] cheese - null
[2021-08-12T17:45:05.289] [DEBUG] cheese - null
[2021-08-12T17:48:30.931] [DEBUG] cheese - login => username:admin,password:123456
[2021-08-12T17:48:30.932] [DEBUG] cheese - admin
[2021-08-12T17:48:30.939] [DEBUG] cheese - null
[2021-08-12T17:48:30.940] [DEBUG] cheese - null
[2021-08-12T17:50:25.813] [DEBUG] cheese - login => username:admin,password:123456
[2021-08-12T17:50:25.813] [DEBUG] cheese - admin
[2021-08-12T17:50:25.815] [DEBUG] cheese - null
[2021-08-12T17:50:25.815] [DEBUG] cheese - null
[2021-08-12T17:51:11.606] [DEBUG] cheese - login => username:admin,password:123456
[2021-08-12T17:51:11.606] [DEBUG] cheese - admin
[2021-08-12T17:51:11.611] [DEBUG] cheese - null
[2021-08-12T17:51:11.612] [DEBUG] cheese - null
[2021-08-12T17:53:17.865] [DEBUG] cheese - login => username:admin,password:123456
[2021-08-12T17:53:17.865] [DEBUG] cheese - admin
[2021-08-12T17:53:17.874] [DEBUG] cheese - null
[2021-08-12T17:53:17.874] [DEBUG] cheese - null
[2021-08-13T10:36:42.534] [DEBUG] cheese - login => username:admin,password:123456
[2021-08-13T10:36:42.536] [DEBUG] cheese - admin
[2021-08-13T10:36:42.593] [DEBUG] cheese - null
[2021-08-13T10:36:42.593] [DEBUG] cheese - null
[2021-08-13T15:01:57.813] [DEBUG] cheese - null
[2021-08-15T08:38:32.676] [DEBUG] cheese - login => username:admin,password:123456
[2021-08-15T08:38:32.685] [DEBUG] cheese - admin
[2021-08-15T08:38:32.796] [DEBUG] cheese - null
[2021-08-15T08:38:32.798] [DEBUG] cheese - null
[2021-08-19T21:41:54.329] [DEBUG] cheese - login => username:admin,password:123456
[2021-08-19T21:41:54.331] [DEBUG] cheese - admin
[2021-08-19T21:41:54.401] [DEBUG] cheese - null
[2021-08-19T21:41:54.402] [DEBUG] cheese - null
